<?xml version="1.0" encoding="UTF-8"?>
<!-- Generated by org.testng.reporters.JUnitReportReporter -->
<testsuite skipped="0" hostname="DESKTOP-F2LTFAU" name="com.syntax.class02.TC1" tests="2" failures="0" timestamp="2020-09-07T20:36:47 ALMT" time="23.008" errors="0">
  <testcase name="Login" time="4.226" classname="com.syntax.class02.TC1"/>
  <system-out/>
  <testcase name="labelsDisplayed" time="18.782" classname="com.syntax.class02.TC1"/>
  <system-out/>
</testsuite> <!-- com.syntax.class02.TC1 -->
