<?xml version="1.0" encoding="UTF-8"?>
<!-- Generated by org.testng.reporters.JUnitReportReporter -->
<testsuite skipped="0" hostname="DESKTOP-F2LTFAU" name="Task1" tests="3" failures="0" timestamp="2020-08-29T22:07:24 ALMT" time="0.011" errors="0">
  <testcase name="food" time="0.001" classname="Task1"/>
  <system-out/>
  <testcase name="car" time="0.001" classname="Task1"/>
  <system-out/>
  <testcase name="animal" time="0.009" classname="Task1"/>
  <system-out/>
</testsuite> <!-- Task1 -->
