<?xml version="1.0" encoding="UTF-8"?>
<!-- Generated by org.testng.reporters.JUnitReportReporter -->
<testsuite skipped="0" hostname="DESKTOP-F2LTFAU" name="com.syntax.class01.Task2" tests="2" failures="0" timestamp="2020-08-29T22:44:58 ALMT" time="0.010" errors="0">
  <testcase name="testMethod2" time="0.002" classname="com.syntax.class01.Task2"/>
  <system-out/>
  <testcase name="testMethod1" time="0.008" classname="com.syntax.class01.Task2"/>
  <system-out/>
</testsuite> <!-- com.syntax.class01.Task2 -->
