<?xml version="1.0" encoding="UTF-8"?>
<!-- Generated by org.testng.reporters.JUnitReportReporter -->
<testsuite skipped="0" hostname="DESKTOP-F2LTFAU" name="TestNgIntro" tests="3" failures="0" timestamp="2020-08-29T21:13:52 ALMT" time="0.013" errors="0">
  <testcase name="testTwo" time="0.001" classname="TestNgIntro"/>
  <system-out/>
  <testcase name="testThree" time="0.002" classname="TestNgIntro"/>
  <system-out/>
  <testcase name="testOne" time="0.010" classname="TestNgIntro"/>
  <system-out/>
</testsuite> <!-- TestNgIntro -->
