<?xml version="1.0" encoding="UTF-8"?>
<!-- Generated by org.testng.reporters.JUnitReportReporter -->
<testsuite skipped="0" hostname="DESKTOP-F2LTFAU" name="com.syntax.class03.LoginPageTest" tests="3" failures="0" timestamp="2020-09-05T18:52:19 ALMT" time="57.786" errors="0">
  <testcase name="multipleLogin" time="20.812" classname="com.syntax.class03.LoginPageTest"/>
  <system-out/>
  <testcase name="multipleLogin" time="18.124" classname="com.syntax.class03.LoginPageTest"/>
  <system-out/>
  <testcase name="multipleLogin" time="18.850" classname="com.syntax.class03.LoginPageTest"/>
  <system-out/>
</testsuite> <!-- com.syntax.class03.LoginPageTest -->
