<?xml version="1.0" encoding="UTF-8"?>
<!-- Generated by org.testng.reporters.JUnitReportReporter -->
<testsuite skipped="0" hostname="DESKTOP-F2LTFAU" name="com.syntax.class03.GroupsExample" tests="1" failures="0" timestamp="2020-09-05T22:12:35 ALMT" time="10.334" errors="0">
  <testcase name="invalidLogin" time="10.334" classname="com.syntax.class03.GroupsExample"/>
  <system-out/>
</testsuite> <!-- com.syntax.class03.GroupsExample -->
