<?xml version="1.0" encoding="UTF-8"?>
<!-- Generated by org.testng.reporters.JUnitReportReporter -->
<testsuite skipped="0" hostname="DESKTOP-F2LTFAU" name="com.syntax.class02.TC1" tests="2" failures="0" timestamp="2020-08-30T23:25:04 ALMT" time="17.761" errors="0">
  <testcase name="Login" time="5.030" classname="com.syntax.class02.TC1"/>
  <system-out/>
  <testcase name="labelsDisplayed" time="12.731" classname="com.syntax.class02.TC1"/>
  <system-out/>
</testsuite> <!-- com.syntax.class02.TC1 -->
